<?xml version="1.0" encoding="UTF-8" ?>
<testsuite tests="3" failures="0" name="com.mycompany.arquitetura.SoloTest" time="0.005" errors="0" skipped="0">
  <properties>
[...]
</properties>
  <testcase classname="com.mycompany.arquitetura.SoloTest" name="com.mycompany.arquitetura.SoloTest.testaCTCCmol" time="0.005"/>
  <testcase classname="com.mycompany.arquitetura.SoloTest" name="com.mycompany.arquitetura.SoloTest.testaSCMOL" time="0"/>
  <testcase classname="com.mycompany.arquitetura.SoloTest" name="com.mycompany.arquitetura.SoloTest.testaVPorcentagem" time="0"/>
</testsuite>